05-Oct-2021 01:06:45.641 INFO [main] org.apache.catalina.core.ApplicationContext.log ContextListener: contextInitialized()
05-Oct-2021 01:06:45.641 INFO [main] org.apache.catalina.core.ApplicationContext.log SessionListener: contextInitialized()
05-Oct-2021 01:06:45.643 INFO [main] org.apache.catalina.core.ApplicationContext.log ContextListener: attributeAdded('StockTicker', 'async.Stockticker@63475ace')
05-Oct-2021 01:13:15.472 INFO [Thread-3] org.apache.catalina.core.ApplicationContext.log SessionListener: contextDestroyed()
05-Oct-2021 01:13:15.472 INFO [Thread-3] org.apache.catalina.core.ApplicationContext.log ContextListener: contextDestroyed()
05-Oct-2021 01:13:19.350 INFO [main] org.apache.catalina.core.ApplicationContext.log ContextListener: contextInitialized()
05-Oct-2021 01:13:19.350 INFO [main] org.apache.catalina.core.ApplicationContext.log SessionListener: contextInitialized()
05-Oct-2021 01:13:19.352 INFO [main] org.apache.catalina.core.ApplicationContext.log ContextListener: attributeAdded('StockTicker', 'async.Stockticker@68267da0')
05-Oct-2021 01:14:13.426 INFO [Thread-3] org.apache.catalina.core.ApplicationContext.log SessionListener: contextDestroyed()
05-Oct-2021 01:14:13.427 INFO [Thread-3] org.apache.catalina.core.ApplicationContext.log ContextListener: contextDestroyed()
05-Oct-2021 01:14:17.286 INFO [main] org.apache.catalina.core.ApplicationContext.log ContextListener: contextInitialized()
05-Oct-2021 01:14:17.286 INFO [main] org.apache.catalina.core.ApplicationContext.log SessionListener: contextInitialized()
05-Oct-2021 01:14:17.289 INFO [main] org.apache.catalina.core.ApplicationContext.log ContextListener: attributeAdded('StockTicker', 'async.Stockticker@68267da0')
05-Oct-2021 01:20:01.342 INFO [Thread-3] org.apache.catalina.core.ApplicationContext.log SessionListener: contextDestroyed()
05-Oct-2021 01:20:01.342 INFO [Thread-3] org.apache.catalina.core.ApplicationContext.log ContextListener: contextDestroyed()
05-Oct-2021 01:20:05.626 INFO [main] org.apache.catalina.core.ApplicationContext.log ContextListener: contextInitialized()
05-Oct-2021 01:20:05.626 INFO [main] org.apache.catalina.core.ApplicationContext.log SessionListener: contextInitialized()
05-Oct-2021 01:20:05.629 INFO [main] org.apache.catalina.core.ApplicationContext.log ContextListener: attributeAdded('StockTicker', 'async.Stockticker@7eae3764')
05-Oct-2021 20:48:11.532 INFO [main] org.apache.catalina.core.ApplicationContext.log ContextListener: contextInitialized()
05-Oct-2021 20:48:11.532 INFO [main] org.apache.catalina.core.ApplicationContext.log SessionListener: contextInitialized()
05-Oct-2021 20:48:11.534 INFO [main] org.apache.catalina.core.ApplicationContext.log ContextListener: attributeAdded('StockTicker', 'async.Stockticker@7eae3764')
05-Oct-2021 22:35:39.922 INFO [main] org.apache.catalina.core.ApplicationContext.log ContextListener: contextInitialized()
05-Oct-2021 22:35:39.922 INFO [main] org.apache.catalina.core.ApplicationContext.log SessionListener: contextInitialized()
05-Oct-2021 22:35:39.924 INFO [main] org.apache.catalina.core.ApplicationContext.log ContextListener: attributeAdded('StockTicker', 'async.Stockticker@1f0b3cfe')
05-Oct-2021 22:37:55.869 INFO [Thread-3] org.apache.catalina.core.ApplicationContext.log SessionListener: contextDestroyed()
05-Oct-2021 22:37:55.869 INFO [Thread-3] org.apache.catalina.core.ApplicationContext.log ContextListener: contextDestroyed()
05-Oct-2021 22:39:05.862 INFO [main] org.apache.catalina.core.ApplicationContext.log ContextListener: contextInitialized()
05-Oct-2021 22:39:05.862 INFO [main] org.apache.catalina.core.ApplicationContext.log SessionListener: contextInitialized()
05-Oct-2021 22:39:05.865 INFO [main] org.apache.catalina.core.ApplicationContext.log ContextListener: attributeAdded('StockTicker', 'async.Stockticker@1f0b3cfe')
05-Oct-2021 22:44:37.876 INFO [Thread-3] org.apache.catalina.core.ApplicationContext.log SessionListener: contextDestroyed()
05-Oct-2021 22:44:37.876 INFO [Thread-3] org.apache.catalina.core.ApplicationContext.log ContextListener: contextDestroyed()
05-Oct-2021 22:44:42.666 INFO [main] org.apache.catalina.core.ApplicationContext.log ContextListener: contextInitialized()
05-Oct-2021 22:44:42.666 INFO [main] org.apache.catalina.core.ApplicationContext.log SessionListener: contextInitialized()
05-Oct-2021 22:44:42.670 INFO [main] org.apache.catalina.core.ApplicationContext.log ContextListener: attributeAdded('StockTicker', 'async.Stockticker@1f0b3cfe')
05-Oct-2021 22:49:19.365 INFO [Thread-3] org.apache.catalina.core.ApplicationContext.log SessionListener: contextDestroyed()
05-Oct-2021 22:49:19.365 INFO [Thread-3] org.apache.catalina.core.ApplicationContext.log ContextListener: contextDestroyed()
05-Oct-2021 22:49:23.128 INFO [main] org.apache.catalina.core.ApplicationContext.log ContextListener: contextInitialized()
05-Oct-2021 22:49:23.128 INFO [main] org.apache.catalina.core.ApplicationContext.log SessionListener: contextInitialized()
05-Oct-2021 22:49:23.130 INFO [main] org.apache.catalina.core.ApplicationContext.log ContextListener: attributeAdded('StockTicker', 'async.Stockticker@5d39f2d8')
05-Oct-2021 22:50:00.508 INFO [Thread-3] org.apache.catalina.core.ApplicationContext.log SessionListener: contextDestroyed()
05-Oct-2021 22:50:00.508 INFO [Thread-3] org.apache.catalina.core.ApplicationContext.log ContextListener: contextDestroyed()
05-Oct-2021 22:50:06.061 INFO [main] org.apache.catalina.core.ApplicationContext.log ContextListener: contextInitialized()
05-Oct-2021 22:50:06.061 INFO [main] org.apache.catalina.core.ApplicationContext.log SessionListener: contextInitialized()
05-Oct-2021 22:50:06.063 INFO [main] org.apache.catalina.core.ApplicationContext.log ContextListener: attributeAdded('StockTicker', 'async.Stockticker@5d39f2d8')
05-Oct-2021 22:53:23.875 INFO [Thread-3] org.apache.catalina.core.ApplicationContext.log SessionListener: contextDestroyed()
05-Oct-2021 22:53:23.875 INFO [Thread-3] org.apache.catalina.core.ApplicationContext.log ContextListener: contextDestroyed()
05-Oct-2021 22:53:28.198 INFO [main] org.apache.catalina.core.ApplicationContext.log ContextListener: contextInitialized()
05-Oct-2021 22:53:28.198 INFO [main] org.apache.catalina.core.ApplicationContext.log SessionListener: contextInitialized()
05-Oct-2021 22:53:28.200 INFO [main] org.apache.catalina.core.ApplicationContext.log ContextListener: attributeAdded('StockTicker', 'async.Stockticker@1f0b3cfe')
05-Oct-2021 22:54:21.897 INFO [Thread-3] org.apache.catalina.core.ApplicationContext.log SessionListener: contextDestroyed()
05-Oct-2021 22:54:21.897 INFO [Thread-3] org.apache.catalina.core.ApplicationContext.log ContextListener: contextDestroyed()
05-Oct-2021 22:54:26.738 INFO [main] org.apache.catalina.core.ApplicationContext.log ContextListener: contextInitialized()
05-Oct-2021 22:54:26.738 INFO [main] org.apache.catalina.core.ApplicationContext.log SessionListener: contextInitialized()
05-Oct-2021 22:54:26.740 INFO [main] org.apache.catalina.core.ApplicationContext.log ContextListener: attributeAdded('StockTicker', 'async.Stockticker@1f0b3cfe')
